<?xml version="1.0" encoding="UTF-8"?>
<!-- Generated by org.testng.reporters.JUnitReportReporter -->
<testsuite skipped="0" hostname="EKBANA16" name="PajeObject.AddRecruitUsersCases" tests="4" failures="0" timestamp="21 Jun 2017 11:18:00 GMT" time="134.876" errors="0">
  <testcase name="addBlankRecruiterUser" time="30.462" classname="PajeObject.AddRecruitUsersCases"/>
  <testcase name="addNewRecruiterUser" time="31.855" classname="PajeObject.AddRecruitUsersCases"/>
  <testcase name="addRecruiterUsingFullData" time="37.042" classname="PajeObject.AddRecruitUsersCases"/>
  <testcase name="addExistingRecruiterUser" time="35.517" classname="PajeObject.AddRecruitUsersCases"/>
</testsuite> <!-- PajeObject.AddRecruitUsersCases -->
