<?xml version="1.0" encoding="UTF-8"?>
<!-- Generated by org.testng.reporters.JUnitReportReporter -->
<testsuite skipped="0" hostname="EKBANA16" name="PajeObject.LoginCases" tests="7" failures="0" timestamp="20 Jun 2017 04:00:00 GMT" time="138.574" errors="0">
  <testcase name="checkLogout" time="18.918" classname="PajeObject.LoginCases"/>
  <testcase name="blankLogin" time="16.027" classname="PajeObject.LoginCases"/>
  <testcase name="invalidUsernameAndPassword" time="16.766" classname="PajeObject.LoginCases"/>
  <testcase name="validUsernameAndPasswordUsingDataProvider" time="30.944" classname="PajeObject.LoginCases"/>
  <testcase name="validUsernameAndPassword" time="24.166" classname="PajeObject.LoginCases"/>
  <testcase name="invalidPassword" time="16.055" classname="PajeObject.LoginCases"/>
  <testcase name="invalidUsername" time="15.698" classname="PajeObject.LoginCases"/>
</testsuite> <!-- PajeObject.LoginCases -->
