<?xml version="1.0" encoding="UTF-8"?>
<!-- Generated by org.testng.reporters.JUnitReportReporter -->
<testsuite skipped="0" hostname="EKBANA16" name="PajeObject.RecruitUsersCases" tests="4" failures="0" timestamp="12 Jun 2017 12:10:16 GMT" time="134.459" errors="0">
  <testcase name="addBlankRecruiterUser" time="30.350" classname="PajeObject.RecruitUsersCases"/>
  <testcase name="addNewRecruiterUser" time="31.741" classname="PajeObject.RecruitUsersCases"/>
  <testcase name="addExistingRecruiterUser" time="34.951" classname="PajeObject.RecruitUsersCases"/>
  <testcase name="addUserUsingFullData" time="37.417" classname="PajeObject.RecruitUsersCases"/>
</testsuite> <!-- PajeObject.RecruitUsersCases -->
