<?xml version="1.0" encoding="UTF-8"?>
<!-- Generated by org.testng.reporters.JUnitReportReporter -->
<testsuite skipped="0" hostname="EKBANA16" name="PajeObject.AddRecruitUsersCases" tests="4" failures="0" timestamp="20 Jun 2017 06:16:13 GMT" time="139.625" errors="0">
  <testcase name="addBlankRecruiterUser" time="28.229" classname="PajeObject.AddRecruitUsersCases"/>
  <testcase name="addNewRecruiterUser" time="34.250" classname="PajeObject.AddRecruitUsersCases"/>
  <testcase name="addRecruiterUsingFullData" time="35.518" classname="PajeObject.AddRecruitUsersCases"/>
  <testcase name="addExistingRecruiterUser" time="41.628" classname="PajeObject.AddRecruitUsersCases"/>
</testsuite> <!-- PajeObject.AddRecruitUsersCases -->
