<?xml version="1.0" encoding="UTF-8"?>
<!-- Generated by org.testng.reporters.JUnitReportReporter -->
<testsuite skipped="0" hostname="EKBANA16" name="PajeObject.AddPackagesCases" tests="5" failures="0" timestamp="15 Jun 2017 10:21:25 GMT" time="332.317" errors="0">
  <testcase name="blankRequiredFieldsInPackage" time="68.272" classname="PajeObject.AddPackagesCases"/>
  <testcase name="addExistingCodePackage" time="110.271" classname="PajeObject.AddPackagesCases"/>
  <testcase name="addBlankPackage" time="60.792" classname="PajeObject.AddPackagesCases"/>
  <testcase name="checkbackButton" time="49.424" classname="PajeObject.AddPackagesCases"/>
  <testcase name="addExistingPackage" time="43.558" classname="PajeObject.AddPackagesCases"/>
</testsuite> <!-- PajeObject.AddPackagesCases -->
