<?xml version="1.0" encoding="UTF-8"?>
<!-- Generated by org.testng.reporters.JUnitReportReporter -->
<testsuite skipped="0" hostname="EKBANA16" name="PajeObject.LoginCases" tests="6" failures="0" timestamp="16 Jun 2017 05:40:40 GMT" time="112.966" errors="0">
  <testcase name="invalidPassword" time="16.133" classname="PajeObject.LoginCases"/>
  <testcase name="validUsernameAndPasswordUsingDataProvider" time="25.519" classname="PajeObject.LoginCases"/>
  <testcase name="invalidUsername" time="15.638" classname="PajeObject.LoginCases"/>
  <testcase name="blankLogin" time="16.394" classname="PajeObject.LoginCases"/>
  <testcase name="validUsernameAndPassword" time="23.920" classname="PajeObject.LoginCases"/>
  <testcase name="invalidUsernameAndPassword" time="15.362" classname="PajeObject.LoginCases"/>
</testsuite> <!-- PajeObject.LoginCases -->
