<?xml version="1.0" encoding="UTF-8"?>
<!-- Generated by org.testng.reporters.JUnitReportReporter -->
<testsuite skipped="0" hostname="EKBANA16" name="PajeObject.LoginCases" tests="6" failures="0" timestamp="14 Jun 2017 07:36:21 GMT" time="112.965" errors="0">
  <testcase name="validUsernameAndPasswordUsingDataProvider" time="22.333" classname="PajeObject.LoginCases"/>
  <testcase name="validUsernameAndPassword" time="23.022" classname="PajeObject.LoginCases"/>
  <testcase name="invalidUsername" time="14.223" classname="PajeObject.LoginCases"/>
  <testcase name="invalidUsernameAndPassword" time="14.979" classname="PajeObject.LoginCases"/>
  <testcase name="invalidPassword" time="17.820" classname="PajeObject.LoginCases"/>
  <testcase name="blankLogin" time="20.588" classname="PajeObject.LoginCases"/>
</testsuite> <!-- PajeObject.LoginCases -->
