<?xml version="1.0" encoding="UTF-8"?>
<!-- Generated by org.testng.reporters.JUnitReportReporter -->
<testsuite skipped="0" hostname="EKBANA16" name="PajeObject.LoginCases" tests="5" failures="0" timestamp="08 Jun 2017 08:35:23 GMT" time="75.780" errors="0">
  <testcase name="blankLogin" time="15.141" classname="PajeObject.LoginCases"/>
  <testcase name="invalidUsernameAndPassword" time="12.776" classname="PajeObject.LoginCases"/>
  <testcase name="invalidPassword" time="12.552" classname="PajeObject.LoginCases"/>
  <testcase name="validUsernameAndPassword" time="22.275" classname="PajeObject.LoginCases"/>
  <testcase name="invalidUsername" time="13.036" classname="PajeObject.LoginCases"/>
</testsuite> <!-- PajeObject.LoginCases -->
