<?xml version="1.0" encoding="UTF-8"?>
<!-- Generated by org.testng.reporters.JUnitReportReporter -->
<testsuite skipped="0" hostname="EKBANA16" name="PajeObject.AddPackagesCases" tests="1" failures="0" timestamp="15 Jun 2017 06:57:27 GMT" time="92.956" errors="0">
  <testcase name="addValidTestPackage" time="92.956" classname="PajeObject.AddPackagesCases"/>
</testsuite> <!-- PajeObject.AddPackagesCases -->
