<?xml version="1.0" encoding="UTF-8"?>
<!-- Generated by org.testng.reporters.JUnitReportReporter -->
<testsuite skipped="0" hostname="EKBANA16" name="PajeObject.RecruitUsersCases" tests="4" failures="0" timestamp="13 Jun 2017 10:31:39 GMT" time="143.373" errors="0">
  <testcase name="addBlankRecruiterUser" time="35.168" classname="PajeObject.RecruitUsersCases"/>
  <testcase name="addNewRecruiterUser" time="32.293" classname="PajeObject.RecruitUsersCases"/>
  <testcase name="addExistingRecruiterUser" time="40.685" classname="PajeObject.RecruitUsersCases"/>
  <testcase name="addUserUsingFullData" time="35.227" classname="PajeObject.RecruitUsersCases"/>
</testsuite> <!-- PajeObject.RecruitUsersCases -->
